# JRE version: OpenJDK Runtime Environment (11.0.11+9) (build 11.0.11+9-b60-7590822)
# Java VM: OpenJDK 64-Bit Server VM (11.0.11+9-b60-7590822, mixed mode, tiered, compressed oops, g1 gc, windows-amd64)
Heap:
 garbage-first heap   total 236544K, used 109460K [0x0000000080000000, 0x0000000100000000)
  region size 1024K, 18 young (18432K), 13 survivors (13312K)
 Metaspace       used 108475K, capacity 111036K, committed 111188K, reserved 1146880K
  class space    used 13518K, capacity 14512K, committed 14592K, reserved 1048576K
GC Heap History (20 events):
Event: 6.559 GC heap before
{Heap before GC invocations=10 (full 0):
 garbage-first heap   total 196608K, used 123351K [0x0000000080000000, 0x0000000100000000)
  region size 1024K, 102 young (104448K), 11 survivors (11264K)
 Metaspace       used 47670K, capacity 48867K, committed 49104K, reserved 1091584K
  class space    used 6093K, capacity 6541K, committed 6656K, reserved 1048576K
}
Event: 6.574 GC heap after
{Heap after GC invocations=11 (full 0):
 garbage-first heap   total 236544K, used 33492K [0x0000000080000000, 0x0000000100000000)
  region size 1024K, 10 young (10240K), 10 survivors (10240K)
 Metaspace       used 47670K, capacity 48867K, committed 49104K, reserved 1091584K
  class space    used 6093K, capacity 6541K, committed 6656K, reserved 1048576K
}
Event: 8.782 GC heap before
{Heap before GC invocations=11 (full 0):
 garbage-first heap   total 236544K, used 143060K [0x0000000080000000, 0x0000000100000000)
  region size 1024K, 110 young (112640K), 10 survivors (10240K)
 Metaspace       used 58755K, capacity 60076K, committed 60240K, reserved 1101824K
  class space    used 7420K, capacity 7952K, committed 8064K, reserved 1048576K
}
Event: 8.801 GC heap after
{Heap after GC invocations=12 (full 0):
 garbage-first heap   total 236544K, used 53651K [0x0000000080000000, 0x0000000100000000)
  region size 1024K, 15 young (15360K), 15 survivors (15360K)
 Metaspace       used 58755K, capacity 60076K, committed 60240K, reserved 1101824K
  class space    used 7420K, capacity 7952K, committed 8064K, reserved 1048576K
}
Event: 10.187 GC heap before
{Heap before GC invocations=13 (full 0):
 garbage-first heap   total 236544K, used 161171K [0x0000000080000000, 0x0000000100000000)
  region size 1024K, 120 young (122880K), 15 survivors (15360K)
 Metaspace       used 68144K, capacity 69655K, committed 69972K, reserved 1110016K
  class space    used 8592K, capacity 9144K, committed 9216K, reserved 1048576K
}
Event: 10.218 GC heap after
{Heap after GC invocations=14 (full 0):
 garbage-first heap   total 236544K, used 62709K [0x0000000080000000, 0x0000000100000000)
  region size 1024K, 9 young (9216K), 9 survivors (9216K)
 Metaspace       used 68144K, capacity 69655K, committed 69972K, reserved 1110016K
  class space    used 8592K, capacity 9144K, committed 9216K, reserved 1048576K
}
Event: 11.732 GC heap before
{Heap before GC invocations=15 (full 0):
 garbage-first heap   total 236544K, used 171253K [0x0000000080000000, 0x0000000100000000)
  region size 1024K, 115 young (117760K), 9 survivors (9216K)
 Metaspace       used 76834K, capacity 78495K, committed 78548K, reserved 1118208K
  class space    used 9913K, capacity 10581K, committed 10624K, reserved 1048576K
}
Event: 11.746 GC heap after
{Heap after GC invocations=16 (full 0):
 garbage-first heap   total 236544K, used 69996K [0x0000000080000000, 0x0000000100000000)
  region size 1024K, 8 young (8192K), 8 survivors (8192K)
 Metaspace       used 76834K, capacity 78495K, committed 78548K, reserved 1118208K
  class space    used 9913K, capacity 10581K, committed 10624K, reserved 1048576K
}
Event: 13.163 GC heap before
{Heap before GC invocations=16 (full 0):
 garbage-first heap   total 236544K, used 177516K [0x0000000080000000, 0x0000000100000000)
  region size 1024K, 114 young (116736K), 8 survivors (8192K)
 Metaspace       used 86559K, capacity 88573K, committed 88660K, reserved 1126400K
  class space    used 11180K, capacity 11976K, committed 12032K, reserved 1048576K
}
Event: 13.179 GC heap after
{Heap after GC invocations=17 (full 0):
 garbage-first heap   total 236544K, used 78848K [0x0000000080000000, 0x0000000100000000)
  region size 1024K, 15 young (15360K), 15 survivors (15360K)
 Metaspace       used 86559K, capacity 88573K, committed 88660K, reserved 1126400K
  class space    used 11180K, capacity 11976K, committed 12032K, reserved 1048576K
}
Event: 14.503 GC heap before
{Heap before GC invocations=17 (full 0):
 garbage-first heap   total 236544K, used 199680K [0x0000000080000000, 0x0000000100000000)
  region size 1024K, 117 young (119808K), 15 survivors (15360K)
 Metaspace       used 89844K, capacity 91883K, committed 92116K, reserved 1128448K
  class space    used 11534K, capacity 12336K, committed 12416K, reserved 1048576K
}
Event: 14.520 GC heap after
{Heap after GC invocations=18 (full 0):
 garbage-first heap   total 236544K, used 83067K [0x0000000080000000, 0x0000000100000000)
  region size 1024K, 4 young (4096K), 4 survivors (4096K)
 Metaspace       used 89844K, capacity 91883K, committed 92116K, reserved 1128448K
  class space    used 11534K, capacity 12336K, committed 12416K, reserved 1048576K
}
Event: 15.865 GC heap before
{Heap before GC invocations=18 (full 0):
 garbage-first heap   total 236544K, used 185467K [0x0000000080000000, 0x0000000100000000)
  region size 1024K, 106 young (108544K), 4 survivors (4096K)
 Metaspace       used 94192K, capacity 96305K, committed 96468K, reserved 1132544K
  class space    used 12006K, capacity 12819K, committed 12928K, reserved 1048576K
}
Event: 15.875 GC heap after
{Heap after GC invocations=19 (full 0):
 garbage-first heap   total 236544K, used 88187K [0x0000000080000000, 0x0000000100000000)
  region size 1024K, 9 young (9216K), 9 survivors (9216K)
 Metaspace       used 94192K, capacity 96305K, committed 96468K, reserved 1132544K
  class space    used 12006K, capacity 12819K, committed 12928K, reserved 1048576K
}
Event: 20.087 GC heap before
{Heap before GC invocations=19 (full 0):
 garbage-first heap   total 236544K, used 188539K [0x0000000080000000, 0x0000000100000000)
  region size 1024K, 108 young (110592K), 9 survivors (9216K)
 Metaspace       used 97104K, capacity 99260K, committed 99284K, reserved 1136640K
  class space    used 12330K, capacity 13163K, committed 13184K, reserved 1048576K
}
Event: 20.100 GC heap after
{Heap after GC invocations=20 (full 0):
 garbage-first heap   total 236544K, used 94569K [0x0000000080000000, 0x0000000100000000)
  region size 1024K, 12 young (12288K), 12 survivors (12288K)
 Metaspace       used 97104K, capacity 99260K, committed 99284K, reserved 1136640K
  class space    used 12330K, capacity 13163K, committed 13184K, reserved 1048576K
}
Event: 30.958 GC heap before
{Heap before GC invocations=20 (full 0):
 garbage-first heap   total 236544K, used 189801K [0x0000000080000000, 0x0000000100000000)
  region size 1024K, 106 young (108544K), 12 survivors (12288K)
 Metaspace       used 105110K, capacity 107487K, committed 107604K, reserved 1142784K
  class space    used 13163K, capacity 14040K, committed 14080K, reserved 1048576K
}
Event: 30.974 GC heap after
{Heap after GC invocations=21 (full 0):
 garbage-first heap   total 236544K, used 99073K [0x0000000080000000, 0x0000000100000000)
  region size 1024K, 11 young (11264K), 11 survivors (11264K)
 Metaspace       used 105110K, capacity 107487K, committed 107604K, reserved 1142784K
  class space    used 13163K, capacity 14040K, committed 14080K, reserved 1048576K
}
Event: 44.422 GC heap before
{Heap before GC invocations=21 (full 0):
 garbage-first heap   total 236544K, used 191233K [0x0000000080000000, 0x0000000100000000)
  region size 1024K, 102 young (104448K), 11 survivors (11264K)
 Metaspace       used 108437K, capacity 111031K, committed 111188K, reserved 1146880K
  class space    used 13514K, capacity 14510K, committed 14592K, reserved 1048576K
}
Event: 44.445 GC heap after
{Heap after GC invocations=22 (full 0):
 garbage-first heap   total 236544K, used 106388K [0x0000000080000000, 0x0000000100000000)
  region size 1024K, 13 young (13312K), 13 survivors (13312K)
 Metaspace       used 108437K, capacity 111031K, committed 111188K, reserved 1146880K
  class space    used 13514K, capacity 14510K, committed 14592K, reserved 1048576K
}

